{
  "stats": {
    "suites": 1,
    "tests": 1,
    "passes": 0,
    "pending": 0,
    "failures": 1,
    "start": "2020-09-05T07:43:54.221Z",
    "end": "2020-09-05T07:44:05.721Z",
    "duration": 11500,
    "testsRegistered": 1,
    "passPercent": 0,
    "pendingPercent": 0,
    "other": 0,
    "hasOther": false,
    "skipped": 0,
    "hasSkipped": false
  },
  "results": [
    {
      "uuid": "4e9a4091-0ad4-41e4-b69e-913e749cd96f",
      "title": "",
      "fullFile": "cypress\\integration\\DemoTests\\pom.spec.js",
      "file": "cypress\\integration\\DemoTests\\pom.spec.js",
      "beforeHooks": [],
      "afterHooks": [],
      "tests": [],
      "suites": [
        {
          "uuid": "0ea87970-f4f4-497b-92a4-8227dd1e0f38",
          "title": "My first- test group -Using Page Obects",
          "fullFile": "",
          "file": "",
          "beforeHooks": [],
          "afterHooks": [],
          "tests": [
            {
              "title": "Find a requird flight to travel-each",
              "fullTitle": "My first- test group -Using Page Obects Find a requird flight to travel-each",
              "timedOut": null,
              "duration": 7917,
              "state": "failed",
              "speed": null,
              "pass": false,
              "fail": true,
              "pending": false,
              "context": null,
              "code": "cy.loginCommand(this.data.username, this.data.password);\nfindflightPage.findArequiredFlightWithOptions();\ncy.title().should('eq', 'Login: Mercury Tours');",
              "err": {
                "message": "TypeError: this.ddPassengercount.each is not a function",
                "estack": "TypeError: this.ddPassengercount.each is not a function\n    at FindflightPage.findArequiredFlightWithOptions (http://demo.guru99.com/__cypress/tests?p=cypress\\integration\\DemoTests\\pom.spec.js-360:114:31)\n    at Context.<anonymous> (http://demo.guru99.com/__cypress/tests?p=cypress\\integration\\DemoTests\\pom.spec.js-360:47:24)",
                "diff": null
              },
              "uuid": "6ab32ad4-6756-49d0-a6de-150871549eba",
              "parentUUID": "0ea87970-f4f4-497b-92a4-8227dd1e0f38",
              "isHook": false,
              "skipped": false
            }
          ],
          "suites": [],
          "passes": [],
          "failures": [
            "6ab32ad4-6756-49d0-a6de-150871549eba"
          ],
          "pending": [],
          "skipped": [],
          "duration": 7917,
          "root": false,
          "rootEmpty": false,
          "_timeout": 2000
        }
      ],
      "passes": [],
      "failures": [],
      "pending": [],
      "skipped": [],
      "duration": 0,
      "root": true,
      "rootEmpty": true,
      "_timeout": 2000
    }
  ],
  "meta": {
    "mocha": {
      "version": "8.1.1"
    },
    "mochawesome": {
      "options": {
        "quiet": false,
        "reportFilename": "mochawesome",
        "saveHtml": false,
        "saveJson": true,
        "consoleReporter": "spec",
        "useInlineDiffs": false,
        "code": true
      },
      "version": "6.1.1"
    },
    "marge": {
      "options": {
        "id": "default",
        "reportDir": "cypress/reports/mocha",
        "quite": true,
        "overwrite": false,
        "html": false,
        "json": true
      },
      "version": "5.1.0"
    }
  }
}