{
  "stats": {
    "suites": 1,
    "tests": 3,
    "passes": 2,
    "pending": 0,
    "failures": 1,
    "start": "2020-09-02T10:55:48.161Z",
    "end": "2020-09-02T10:55:56.917Z",
    "duration": 8756,
    "testsRegistered": 3,
    "passPercent": 66.66666666666666,
    "pendingPercent": 0,
    "other": 0,
    "hasOther": false,
    "skipped": 0,
    "hasSkipped": false
  },
  "results": [
    {
      "uuid": "02bb50a1-7fcf-4a79-98ee-f708ef8bd79c",
      "title": "",
      "fullFile": "cypress\\integration\\DemoTests\\secondYY.spec.js",
      "file": "cypress\\integration\\DemoTests\\secondYY.spec.js",
      "beforeHooks": [],
      "afterHooks": [],
      "tests": [],
      "suites": [
        {
          "uuid": "a76233dd-2937-4cc7-b30a-309432961feb",
          "title": "My Second- test group ",
          "fullFile": "",
          "file": "",
          "beforeHooks": [],
          "afterHooks": [],
          "tests": [
            {
              "title": "First group-First test case to visit the site",
              "fullTitle": "My Second- test group  First group-First test case to visit the site",
              "timedOut": null,
              "duration": 3020,
              "state": "passed",
              "speed": "slow",
              "pass": true,
              "fail": false,
              "pending": false,
              "context": null,
              "code": "cy.log(\"I am in Second Test Case\");\nvar reqEnv = Cypress.env('test');\ncy.visit(reqEnv); // Just directly invoke the Cypress methods provided by the “cy” object\ncy.get(':nth-child(4) > .row > .col-xs-12 > .home-list > :nth-child(1) > ul > :nth-child(1) > a').click();\ncy.get('button[id=query-btn]').should('contain', 'Button'); // \nexpect(true).to.equal(true);",
              "err": {},
              "uuid": "60efaae2-eb46-4c15-b89a-b8bd5740313e",
              "parentUUID": "a76233dd-2937-4cc7-b30a-309432961feb",
              "isHook": false,
              "skipped": false
            },
            {
              "title": "First group-Second test case to visit the site",
              "fullTitle": "My Second- test group  First group-Second test case to visit the site",
              "timedOut": null,
              "duration": 945,
              "state": "failed",
              "speed": null,
              "pass": false,
              "fail": true,
              "pending": false,
              "context": null,
              "code": "cy.log(\"I am in Second Test Case\");\ncy.visit(\"https://example.cypress.io\"); // Just directly invoke the Cypress methods provided by the “cy” object\nexpect(true).to.equal(false);",
              "err": {
                "message": "AssertionError: expected true to equal false",
                "estack": "AssertionError: expected true to equal false\n    at Context.<anonymous> (https://example.cypress.io/__cypress/tests?p=cypress\\integration\\DemoTests\\secondYY.spec.js-073:28:25)",
                "diff": null
              },
              "uuid": "4ee46d31-0ae9-4e40-8277-294b619c87d2",
              "parentUUID": "a76233dd-2937-4cc7-b30a-309432961feb",
              "isHook": false,
              "skipped": false
            },
            {
              "title": "First group-Second test case to visit the site",
              "fullTitle": "My Second- test group  First group-Second test case to visit the site",
              "timedOut": null,
              "duration": 427,
              "state": "passed",
              "speed": "slow",
              "pass": true,
              "fail": false,
              "pending": false,
              "context": null,
              "code": "cy.log(\"I am in Third Test Case\");\ncy.visit(\"https://example.cypress.io\"); // Just directly invoke the Cypress methods provided by the “cy” object\nexpect(true).to.equal(true);",
              "err": {},
              "uuid": "a3632350-762b-46e1-8216-34b696e4cd01",
              "parentUUID": "a76233dd-2937-4cc7-b30a-309432961feb",
              "isHook": false,
              "skipped": false
            }
          ],
          "suites": [],
          "passes": [
            "60efaae2-eb46-4c15-b89a-b8bd5740313e",
            "a3632350-762b-46e1-8216-34b696e4cd01"
          ],
          "failures": [
            "4ee46d31-0ae9-4e40-8277-294b619c87d2"
          ],
          "pending": [],
          "skipped": [],
          "duration": 4392,
          "root": false,
          "rootEmpty": false,
          "_timeout": 2000
        }
      ],
      "passes": [],
      "failures": [],
      "pending": [],
      "skipped": [],
      "duration": 0,
      "root": true,
      "rootEmpty": true,
      "_timeout": 2000
    }
  ],
  "meta": {
    "mocha": {
      "version": "8.1.1"
    },
    "mochawesome": {
      "options": {
        "quiet": false,
        "reportFilename": "mochawesome",
        "saveHtml": false,
        "saveJson": true,
        "consoleReporter": "spec",
        "useInlineDiffs": false,
        "code": true
      },
      "version": "6.1.1"
    },
    "marge": {
      "options": {
        "id": "default",
        "reportDir": "cypress/reports/mocha",
        "quite": true,
        "overwrite": false,
        "html": false,
        "json": true
      },
      "version": "5.1.0"
    }
  }
}