{
  "stats": {
    "suites": 1,
    "tests": 1,
    "passes": 0,
    "pending": 0,
    "failures": 1,
    "start": "2020-09-05T07:55:06.798Z",
    "end": "2020-09-05T07:55:21.761Z",
    "duration": 14963,
    "testsRegistered": 1,
    "passPercent": 0,
    "pendingPercent": 0,
    "other": 0,
    "hasOther": false,
    "skipped": 0,
    "hasSkipped": false
  },
  "results": [
    {
      "uuid": "7d9c2757-ddd8-4249-8e13-6664e42206bc",
      "title": "",
      "fullFile": "cypress\\integration\\DemoTests\\pom.spec.js",
      "file": "cypress\\integration\\DemoTests\\pom.spec.js",
      "beforeHooks": [],
      "afterHooks": [],
      "tests": [],
      "suites": [
        {
          "uuid": "78c9343b-60d5-4b9e-8baa-49abe1886414",
          "title": "My first- test group -Using Page Obects",
          "fullFile": "",
          "file": "",
          "beforeHooks": [],
          "afterHooks": [],
          "tests": [
            {
              "title": "Find a requird flight to travel-each",
              "fullTitle": "My first- test group -Using Page Obects Find a requird flight to travel-each",
              "timedOut": null,
              "duration": 10107,
              "state": "failed",
              "speed": null,
              "pass": false,
              "fail": true,
              "pending": false,
              "context": null,
              "code": "loginPage.enterUserNameAndPswd(this.data.username, this.data.password);\nfindflightPage.findArequiredFlightWithOptions();\ncy.title().should('eq', 'Login: Mercury Tours');",
              "err": {
                "message": "CypressError: `cy.click()` cannot be called on a `<select>` element. Use `cy.select()` command instead to change the value.\n\nhttps://on.cypress.io/select",
                "estack": "CypressError: `cy.click()` cannot be called on a `<select>` element. Use `cy.select()` command instead to change the value.\n\nhttps://on.cypress.io/select\n    at cypressErr (http://demo.guru99.com/__cypress/runner/cypress_runner.js:146259:16)\n    at cypressErrByPath (http://demo.guru99.com/__cypress/runner/cypress_runner.js:146268:10)\n    at Object.throwErrByPath (http://demo.guru99.com/__cypress/runner/cypress_runner.js:146231:11)\n    at perform (http://demo.guru99.com/__cypress/runner/cypress_runner.js:129390:19)\n    at tryCatcher (http://demo.guru99.com/__cypress/runner/cypress_runner.js:9059:23)\n    at Object.gotValue (http://demo.guru99.com/__cypress/runner/cypress_runner.js:8201:18)\n    at Object.gotAccum (http://demo.guru99.com/__cypress/runner/cypress_runner.js:8190:25)\n    at Object.tryCatcher (http://demo.guru99.com/__cypress/runner/cypress_runner.js:9059:23)\n    at Promise._settlePromiseFromHandler (http://demo.guru99.com/__cypress/runner/cypress_runner.js:6994:31)\n    at Promise._settlePromise (http://demo.guru99.com/__cypress/runner/cypress_runner.js:7051:18)\n    at Promise._settlePromiseCtx (http://demo.guru99.com/__cypress/runner/cypress_runner.js:7088:10)\n    at _drainQueueStep (http://demo.guru99.com/__cypress/runner/cypress_runner.js:3770:12)\n    at _drainQueue (http://demo.guru99.com/__cypress/runner/cypress_runner.js:3759:9)\n    at Async.../../node_modules/bluebird/js/release/async.js.Async._drainQueues (http://demo.guru99.com/__cypress/runner/cypress_runner.js:3775:5)\n    at Async.drainQueues (http://demo.guru99.com/__cypress/runner/cypress_runner.js:3645:14)",
                "diff": null
              },
              "uuid": "86153f27-a2bd-4eb4-ba06-49abfa061835",
              "parentUUID": "78c9343b-60d5-4b9e-8baa-49abe1886414",
              "isHook": false,
              "skipped": false
            }
          ],
          "suites": [],
          "passes": [],
          "failures": [
            "86153f27-a2bd-4eb4-ba06-49abfa061835"
          ],
          "pending": [],
          "skipped": [],
          "duration": 10107,
          "root": false,
          "rootEmpty": false,
          "_timeout": 2000
        }
      ],
      "passes": [],
      "failures": [],
      "pending": [],
      "skipped": [],
      "duration": 0,
      "root": true,
      "rootEmpty": true,
      "_timeout": 2000
    }
  ],
  "meta": {
    "mocha": {
      "version": "8.1.1"
    },
    "mochawesome": {
      "options": {
        "quiet": false,
        "reportFilename": "mochawesome",
        "saveHtml": false,
        "saveJson": true,
        "consoleReporter": "spec",
        "useInlineDiffs": false,
        "code": true
      },
      "version": "6.1.1"
    },
    "marge": {
      "options": {
        "id": "default",
        "reportDir": "cypress/reports/mocha",
        "quite": true,
        "overwrite": false,
        "html": false,
        "json": true
      },
      "version": "5.1.0"
    }
  }
}