{
  "stats": {
    "suites": 1,
    "tests": 1,
    "passes": 0,
    "pending": 0,
    "failures": 1,
    "start": "2020-09-05T07:45:00.320Z",
    "end": "2020-09-05T07:45:17.180Z",
    "duration": 16860,
    "testsRegistered": 1,
    "passPercent": 0,
    "pendingPercent": 0,
    "other": 0,
    "hasOther": false,
    "skipped": 0,
    "hasSkipped": false
  },
  "results": [
    {
      "uuid": "79e186ba-b862-4ca7-a633-a66dff4a103c",
      "title": "",
      "fullFile": "cypress\\integration\\DemoTests\\pom.spec.js",
      "file": "cypress\\integration\\DemoTests\\pom.spec.js",
      "beforeHooks": [],
      "afterHooks": [],
      "tests": [],
      "suites": [
        {
          "uuid": "43ca0e92-6451-4a5c-88b9-771a5a766ec3",
          "title": "My first- test group -Using Page Obects",
          "fullFile": "",
          "file": "",
          "beforeHooks": [],
          "afterHooks": [],
          "tests": [
            {
              "title": "Find a requird flight to travel-each",
              "fullTitle": "My first- test group -Using Page Obects Find a requird flight to travel-each",
              "timedOut": null,
              "duration": 12807,
              "state": "failed",
              "speed": null,
              "pass": false,
              "fail": true,
              "pending": false,
              "context": null,
              "code": "cy.loginCommand(this.data.username, this.data.password);\nfindflightPage.findArequiredFlightWithOptions();\ncy.title().should('eq', 'Login: Mercury Tours');",
              "err": {
                "message": "AssertionError: Timed out retrying: Expected to find element: `input[value=roundtrip]`, but never found it.",
                "estack": "AssertionError: Timed out retrying: Expected to find element: `input[value=roundtrip]`, but never found it.\n    at ensureExistence (http://demo.guru99.com/__cypress/runner/cypress_runner.js:137311:32)\n    at Object.ensureElExistence (http://demo.guru99.com/__cypress/runner/cypress_runner.js:137329:12)\n    at ensureExistence (http://demo.guru99.com/__cypress/runner/cypress_runner.js:127867:23)\n    at onFailFn (http://demo.guru99.com/__cypress/runner/cypress_runner.js:127905:9)\n    at tryCatcher (http://demo.guru99.com/__cypress/runner/cypress_runner.js:9059:23)\n    at Promise._settlePromiseFromHandler (http://demo.guru99.com/__cypress/runner/cypress_runner.js:6994:31)\n    at Promise._settlePromise (http://demo.guru99.com/__cypress/runner/cypress_runner.js:7051:18)\n    at Promise._settlePromise0 (http://demo.guru99.com/__cypress/runner/cypress_runner.js:7096:10)\n    at Promise._settlePromises (http://demo.guru99.com/__cypress/runner/cypress_runner.js:7172:18)\n    at _drainQueueStep (http://demo.guru99.com/__cypress/runner/cypress_runner.js:3766:12)\n    at _drainQueue (http://demo.guru99.com/__cypress/runner/cypress_runner.js:3759:9)\n    at Async.../../node_modules/bluebird/js/release/async.js.Async._drainQueues (http://demo.guru99.com/__cypress/runner/cypress_runner.js:3775:5)\n    at Async.drainQueues (http://demo.guru99.com/__cypress/runner/cypress_runner.js:3645:14)",
                "diff": null
              },
              "uuid": "d98c9a6a-36fb-402e-94b3-464e19047169",
              "parentUUID": "43ca0e92-6451-4a5c-88b9-771a5a766ec3",
              "isHook": false,
              "skipped": false
            }
          ],
          "suites": [],
          "passes": [],
          "failures": [
            "d98c9a6a-36fb-402e-94b3-464e19047169"
          ],
          "pending": [],
          "skipped": [],
          "duration": 12807,
          "root": false,
          "rootEmpty": false,
          "_timeout": 2000
        }
      ],
      "passes": [],
      "failures": [],
      "pending": [],
      "skipped": [],
      "duration": 0,
      "root": true,
      "rootEmpty": true,
      "_timeout": 2000
    }
  ],
  "meta": {
    "mocha": {
      "version": "8.1.1"
    },
    "mochawesome": {
      "options": {
        "quiet": false,
        "reportFilename": "mochawesome",
        "saveHtml": false,
        "saveJson": true,
        "consoleReporter": "spec",
        "useInlineDiffs": false,
        "code": true
      },
      "version": "6.1.1"
    },
    "marge": {
      "options": {
        "id": "default",
        "reportDir": "cypress/reports/mocha",
        "quite": true,
        "overwrite": false,
        "html": false,
        "json": true
      },
      "version": "5.1.0"
    }
  }
}