{
  "stats": {
    "suites": 1,
    "tests": 1,
    "passes": 0,
    "pending": 0,
    "failures": 1,
    "start": "2020-09-05T07:47:15.863Z",
    "end": "2020-09-05T07:47:35.794Z",
    "duration": 19931,
    "testsRegistered": 1,
    "passPercent": 0,
    "pendingPercent": 0,
    "other": 0,
    "hasOther": false,
    "skipped": 0,
    "hasSkipped": false
  },
  "results": [
    {
      "uuid": "21909117-416f-4c07-b8f0-bd299bad3f17",
      "title": "",
      "fullFile": "cypress\\integration\\DemoTests\\pom.spec.js",
      "file": "cypress\\integration\\DemoTests\\pom.spec.js",
      "beforeHooks": [],
      "afterHooks": [],
      "tests": [],
      "suites": [
        {
          "uuid": "17a3e357-b820-43b2-b9ca-9c68d093d48e",
          "title": "My first- test group -Using Page Obects",
          "fullFile": "",
          "file": "",
          "beforeHooks": [],
          "afterHooks": [],
          "tests": [
            {
              "title": "Find a requird flight to travel-each",
              "fullTitle": "My first- test group -Using Page Obects Find a requird flight to travel-each",
              "timedOut": null,
              "duration": 16078,
              "state": "failed",
              "speed": null,
              "pass": false,
              "fail": true,
              "pending": false,
              "context": null,
              "code": "loginPage.enterUserNameAndPswd(this.data.username, this.data.password);\nfindflightPage.findArequiredFlightWithOptions();\ncy.title().should('eq', 'Login: Mercury Tours');",
              "err": {
                "message": "AssertionError: Timed out retrying: expected 'Find a Flight: Mercury Tours:' to equal 'Login: Mercury Tours'",
                "estack": "AssertionError: Timed out retrying: expected 'Find a Flight: Mercury Tours:' to equal 'Login: Mercury Tours'\n    at applyChainer (http://demo.guru99.com/__cypress/runner/cypress_runner.js:131730:32)\n    at http://demo.guru99.com/__cypress/runner/cypress_runner.js:131771:16\n    at arrayReduce (http://demo.guru99.com/__cypress/runner/cypress_runner.js:18403:21)\n    at Function.reduce (http://demo.guru99.com/__cypress/runner/cypress_runner.js:27401:14)\n    at applyChainers (http://demo.guru99.com/__cypress/runner/cypress_runner.js:131761:18)\n    at tryCatcher (http://demo.guru99.com/__cypress/runner/cypress_runner.js:9059:23)\n    at Function.Promise.attempt.Promise.try (http://demo.guru99.com/__cypress/runner/cypress_runner.js:6333:29)\n    at Context.shouldFn (http://demo.guru99.com/__cypress/runner/cypress_runner.js:131775:23)\n    at Context.should (http://demo.guru99.com/__cypress/runner/cypress_runner.js:131790:23)\n    at http://demo.guru99.com/__cypress/runner/cypress_runner.js:127819:39\n    at assertions (http://demo.guru99.com/__cypress/runner/cypress_runner.js:128079:14)\n    at tryCatcher (http://demo.guru99.com/__cypress/runner/cypress_runner.js:9059:23)\n    at Object.gotValue (http://demo.guru99.com/__cypress/runner/cypress_runner.js:8203:18)\n    at Object.gotAccum (http://demo.guru99.com/__cypress/runner/cypress_runner.js:8190:25)\n    at Object.tryCatcher (http://demo.guru99.com/__cypress/runner/cypress_runner.js:9059:23)\n    at Promise._settlePromiseFromHandler (http://demo.guru99.com/__cypress/runner/cypress_runner.js:6994:31)",
                "diff": "- 'Find a Flight: Mercury Tours:'\n+ 'Login: Mercury Tours'\n"
              },
              "uuid": "9104f223-41a0-479b-8340-a4dc5bab58ee",
              "parentUUID": "17a3e357-b820-43b2-b9ca-9c68d093d48e",
              "isHook": false,
              "skipped": false
            }
          ],
          "suites": [],
          "passes": [],
          "failures": [
            "9104f223-41a0-479b-8340-a4dc5bab58ee"
          ],
          "pending": [],
          "skipped": [],
          "duration": 16078,
          "root": false,
          "rootEmpty": false,
          "_timeout": 2000
        }
      ],
      "passes": [],
      "failures": [],
      "pending": [],
      "skipped": [],
      "duration": 0,
      "root": true,
      "rootEmpty": true,
      "_timeout": 2000
    }
  ],
  "meta": {
    "mocha": {
      "version": "8.1.1"
    },
    "mochawesome": {
      "options": {
        "quiet": false,
        "reportFilename": "mochawesome",
        "saveHtml": false,
        "saveJson": true,
        "consoleReporter": "spec",
        "useInlineDiffs": false,
        "code": true
      },
      "version": "6.1.1"
    },
    "marge": {
      "options": {
        "id": "default",
        "reportDir": "cypress/reports/mocha",
        "quite": true,
        "overwrite": false,
        "html": false,
        "json": true
      },
      "version": "5.1.0"
    }
  }
}