{
  "stats": {
    "suites": 1,
    "tests": 1,
    "passes": 0,
    "pending": 0,
    "failures": 1,
    "start": "2020-09-05T07:42:59.702Z",
    "end": "2020-09-05T07:43:09.107Z",
    "duration": 9405,
    "testsRegistered": 1,
    "passPercent": 0,
    "pendingPercent": 0,
    "other": 0,
    "hasOther": false,
    "skipped": 0,
    "hasSkipped": false
  },
  "results": [
    {
      "uuid": "c627206b-17f8-460d-bb56-80b8b2156051",
      "title": "",
      "fullFile": "cypress\\integration\\DemoTests\\pom.spec.js",
      "file": "cypress\\integration\\DemoTests\\pom.spec.js",
      "beforeHooks": [],
      "afterHooks": [],
      "tests": [],
      "suites": [
        {
          "uuid": "65ce84b3-b17c-4885-9ea9-95645bc7d56e",
          "title": "My first- test group -Using Page Obects",
          "fullFile": "",
          "file": "",
          "beforeHooks": [],
          "afterHooks": [],
          "tests": [
            {
              "title": "Find a requird flight to travel-each",
              "fullTitle": "My first- test group -Using Page Obects Find a requird flight to travel-each",
              "timedOut": null,
              "duration": 6034,
              "state": "failed",
              "speed": null,
              "pass": false,
              "fail": true,
              "pending": false,
              "context": null,
              "code": "cy.loginCommand(this.data.username, this.data.password);\nfindflightPage.findArequiredFlightWithOptions();\ncy.title().should('eq', 'Login: Mercury Tours');",
              "err": {
                "message": "ReferenceError: ddPassengercount is not defined",
                "estack": "ReferenceError: ddPassengercount is not defined\n    at FindflightPage.findArequiredFlightWithOptions (http://demo.guru99.com/__cypress/tests?p=cypress\\integration\\DemoTests\\pom.spec.js-442:114:9)\n    at Context.<anonymous> (http://demo.guru99.com/__cypress/tests?p=cypress\\integration\\DemoTests\\pom.spec.js-442:47:24)",
                "diff": null
              },
              "uuid": "0733f38b-52f0-4d9b-b6b9-fb630ef14afa",
              "parentUUID": "65ce84b3-b17c-4885-9ea9-95645bc7d56e",
              "isHook": false,
              "skipped": false
            }
          ],
          "suites": [],
          "passes": [],
          "failures": [
            "0733f38b-52f0-4d9b-b6b9-fb630ef14afa"
          ],
          "pending": [],
          "skipped": [],
          "duration": 6034,
          "root": false,
          "rootEmpty": false,
          "_timeout": 2000
        }
      ],
      "passes": [],
      "failures": [],
      "pending": [],
      "skipped": [],
      "duration": 0,
      "root": true,
      "rootEmpty": true,
      "_timeout": 2000
    }
  ],
  "meta": {
    "mocha": {
      "version": "8.1.1"
    },
    "mochawesome": {
      "options": {
        "quiet": false,
        "reportFilename": "mochawesome",
        "saveHtml": false,
        "saveJson": true,
        "consoleReporter": "spec",
        "useInlineDiffs": false,
        "code": true
      },
      "version": "6.1.1"
    },
    "marge": {
      "options": {
        "id": "default",
        "reportDir": "cypress/reports/mocha",
        "quite": true,
        "overwrite": false,
        "html": false,
        "json": true
      },
      "version": "5.1.0"
    }
  }
}