{
  "stats": {
    "suites": 1,
    "tests": 2,
    "passes": 0,
    "pending": 0,
    "failures": 2,
    "start": "2020-09-05T05:52:51.539Z",
    "end": "2020-09-05T05:53:13.423Z",
    "duration": 21884,
    "testsRegistered": 2,
    "passPercent": 0,
    "pendingPercent": 0,
    "other": 0,
    "hasOther": false,
    "skipped": 0,
    "hasSkipped": false
  },
  "results": [
    {
      "uuid": "b4b2c31f-be82-45a0-941e-dec26fcdf867",
      "title": "",
      "fullFile": "cypress\\integration\\DemoTests\\pom.spec.js",
      "file": "cypress\\integration\\DemoTests\\pom.spec.js",
      "beforeHooks": [],
      "afterHooks": [],
      "tests": [],
      "suites": [
        {
          "uuid": "d12d4e09-bad0-4ade-81f0-445b3fe51036",
          "title": "My first- test group -Using Page Obects",
          "fullFile": "",
          "file": "",
          "beforeHooks": [],
          "afterHooks": [],
          "tests": [
            {
              "title": "Find a requird flight to travel-using Page objects",
              "fullTitle": "My first- test group -Using Page Obects Find a requird flight to travel-using Page objects",
              "timedOut": null,
              "duration": 9166,
              "state": "failed",
              "speed": null,
              "pass": false,
              "fail": true,
              "pending": false,
              "context": null,
              "code": "loginPage.enterUserNameAndPswd('mercury', 'mercury');\nfindflightPage.findArequiredFlight();\ncy.log('This will navigate to next page');\ncy.title().should('eq', 'Find a Flight: Mercury Tours:');",
              "err": {
                "message": "AssertionError: Timed out retrying: Expected to find element: `input[name=userName1]`, but never found it.",
                "estack": "AssertionError: Timed out retrying: Expected to find element: `input[name=userName1]`, but never found it.\n    at ensureExistence (http://demo.guru99.com/__cypress/runner/cypress_runner.js:137311:32)\n    at Object.ensureElExistence (http://demo.guru99.com/__cypress/runner/cypress_runner.js:137329:12)\n    at ensureExistence (http://demo.guru99.com/__cypress/runner/cypress_runner.js:127867:23)\n    at onFailFn (http://demo.guru99.com/__cypress/runner/cypress_runner.js:127905:9)\n    at tryCatcher (http://demo.guru99.com/__cypress/runner/cypress_runner.js:9059:23)\n    at Promise._settlePromiseFromHandler (http://demo.guru99.com/__cypress/runner/cypress_runner.js:6994:31)\n    at Promise._settlePromise (http://demo.guru99.com/__cypress/runner/cypress_runner.js:7051:18)\n    at Promise._settlePromise0 (http://demo.guru99.com/__cypress/runner/cypress_runner.js:7096:10)\n    at Promise._settlePromises (http://demo.guru99.com/__cypress/runner/cypress_runner.js:7172:18)\n    at _drainQueueStep (http://demo.guru99.com/__cypress/runner/cypress_runner.js:3766:12)\n    at _drainQueue (http://demo.guru99.com/__cypress/runner/cypress_runner.js:3759:9)\n    at Async.../../node_modules/bluebird/js/release/async.js.Async._drainQueues (http://demo.guru99.com/__cypress/runner/cypress_runner.js:3775:5)\n    at Async.drainQueues (http://demo.guru99.com/__cypress/runner/cypress_runner.js:3645:14)",
                "diff": null
              },
              "uuid": "b196e703-3d74-41a1-8ee9-eaf6841aa465",
              "parentUUID": "d12d4e09-bad0-4ade-81f0-445b3fe51036",
              "isHook": false,
              "skipped": false
            },
            {
              "title": "Find a requird flight to travel-using Fixtures",
              "fullTitle": "My first- test group -Using Page Obects Find a requird flight to travel-using Fixtures",
              "timedOut": null,
              "duration": 9325,
              "state": "failed",
              "speed": null,
              "pass": false,
              "fail": true,
              "pending": false,
              "context": null,
              "code": "loginPage.enterUserNameAndPswd(this.data.username, this.data.password); // reads the date from Fixtutes-logincred.json\nfindflightPage.findArequiredFlight();\ncy.log('This will navigate to next page');\ncy.title().should('eq', 'Find a Flight: Mercury Tours:');",
              "err": {
                "message": "AssertionError: Timed out retrying: Expected to find element: `input[name=userName1]`, but never found it.",
                "estack": "AssertionError: Timed out retrying: Expected to find element: `input[name=userName1]`, but never found it.\n    at ensureExistence (http://demo.guru99.com/__cypress/runner/cypress_runner.js:137311:32)\n    at Object.ensureElExistence (http://demo.guru99.com/__cypress/runner/cypress_runner.js:137329:12)\n    at ensureExistence (http://demo.guru99.com/__cypress/runner/cypress_runner.js:127867:23)\n    at onFailFn (http://demo.guru99.com/__cypress/runner/cypress_runner.js:127905:9)\n    at tryCatcher (http://demo.guru99.com/__cypress/runner/cypress_runner.js:9059:23)\n    at Promise._settlePromiseFromHandler (http://demo.guru99.com/__cypress/runner/cypress_runner.js:6994:31)\n    at Promise._settlePromise (http://demo.guru99.com/__cypress/runner/cypress_runner.js:7051:18)\n    at Promise._settlePromise0 (http://demo.guru99.com/__cypress/runner/cypress_runner.js:7096:10)\n    at Promise._settlePromises (http://demo.guru99.com/__cypress/runner/cypress_runner.js:7172:18)\n    at _drainQueueStep (http://demo.guru99.com/__cypress/runner/cypress_runner.js:3766:12)\n    at _drainQueue (http://demo.guru99.com/__cypress/runner/cypress_runner.js:3759:9)\n    at Async.../../node_modules/bluebird/js/release/async.js.Async._drainQueues (http://demo.guru99.com/__cypress/runner/cypress_runner.js:3775:5)\n    at Async.drainQueues (http://demo.guru99.com/__cypress/runner/cypress_runner.js:3645:14)",
                "diff": null
              },
              "uuid": "3cd9bede-c30a-4e5e-81ff-f43e537b9783",
              "parentUUID": "d12d4e09-bad0-4ade-81f0-445b3fe51036",
              "isHook": false,
              "skipped": false
            }
          ],
          "suites": [],
          "passes": [],
          "failures": [
            "b196e703-3d74-41a1-8ee9-eaf6841aa465",
            "3cd9bede-c30a-4e5e-81ff-f43e537b9783"
          ],
          "pending": [],
          "skipped": [],
          "duration": 18491,
          "root": false,
          "rootEmpty": false,
          "_timeout": 2000
        }
      ],
      "passes": [],
      "failures": [],
      "pending": [],
      "skipped": [],
      "duration": 0,
      "root": true,
      "rootEmpty": true,
      "_timeout": 2000
    }
  ],
  "meta": {
    "mocha": {
      "version": "8.1.1"
    },
    "mochawesome": {
      "options": {
        "quiet": false,
        "reportFilename": "mochawesome",
        "saveHtml": false,
        "saveJson": true,
        "consoleReporter": "spec",
        "useInlineDiffs": false,
        "code": true
      },
      "version": "6.1.1"
    },
    "marge": {
      "options": {
        "id": "default",
        "reportDir": "cypress/reports/mocha",
        "quite": true,
        "overwrite": false,
        "html": false,
        "json": true
      },
      "version": "5.1.0"
    }
  }
}