{
  "stats": {
    "suites": 1,
    "tests": 2,
    "passes": 2,
    "pending": 0,
    "failures": 0,
    "start": "2020-09-02T10:56:09.356Z",
    "end": "2020-09-02T10:56:51.789Z",
    "duration": 42433,
    "testsRegistered": 2,
    "passPercent": 100,
    "pendingPercent": 0,
    "other": 0,
    "hasOther": false,
    "skipped": 0,
    "hasSkipped": false
  },
  "results": [
    {
      "uuid": "5f9a88fd-b0fb-4894-8a55-aa5818557478",
      "title": "",
      "fullFile": "cypress\\integration\\DemoTests\\UIInteraction.spec.js",
      "file": "cypress\\integration\\DemoTests\\UIInteraction.spec.js",
      "beforeHooks": [],
      "afterHooks": [],
      "tests": [],
      "suites": [
        {
          "uuid": "5e4d77c7-a09b-440f-ba66-81cfc82a0887",
          "title": "UI interactions tests are here",
          "fullFile": "",
          "file": "",
          "beforeHooks": [],
          "afterHooks": [],
          "tests": [
            {
              "title": "visit a site, get the webelements,use should and its keywords, validate title",
              "fullTitle": "UI interactions tests are here visit a site, get the webelements,use should and its keywords, validate title",
              "timedOut": null,
              "duration": 21369,
              "state": "passed",
              "speed": "slow",
              "pass": true,
              "fail": false,
              "pending": false,
              "context": null,
              "code": "cy.visit('http://demo.guru99.com/test/newtours/index.php'); // visit the site in browser\ncy.get('input[name=userName]').should('be.enabled').type('mercury'); // enter username\ncy.get('input[name=password]').should('be.enabled').type('mercury'); // enter password\ncy.get('input[name=submit]').should('be.visible').should('be.visible').click(); // click on button\ncy.title().should('eq', 'Login: Mercury Tours'); // validate page title\n// also verify the time travel feature in the test runner report to make sure where we were on every step execution\ncy.get('a').contains('Flights').click(); // click on LinkText\ncy.get('input[value=roundtrip]').should('be.checked'); // radio button should be checked by default\ncy.get('input[value=oneway]').should('not.be.checked'); // radio button should not be checked by default \ncy.log('Selecting Passengers & fromPort starting from DropDowns and click on Continue');\ncy.get('select[name=passCount]').select('3'); // dropdown options selecting \ncy.get('select[name=fromPort]').select('Frankfurt');\ncy.get('input[name=findFlights]').should('be.enabled').click();\ncy.log('This will navigate to next page');\ncy.title().should('eq', 'Find a Flight: Mercury Tours:');",
              "err": {},
              "uuid": "cd81f270-b5f9-41f2-a644-9c1f28bbf758",
              "parentUUID": "5e4d77c7-a09b-440f-ba66-81cfc82a0887",
              "isHook": false,
              "skipped": false
            },
            {
              "title": "visit a site, check the multiple checkboxes",
              "fullTitle": "UI interactions tests are here visit a site, check the multiple checkboxes",
              "timedOut": null,
              "duration": 8692,
              "state": "passed",
              "speed": "slow",
              "pass": true,
              "fail": false,
              "pending": false,
              "context": null,
              "code": "cy.visit('http://demo.automationtesting.in/Register.html'); // visit the site in browser\ncy.log('Visited demo automation testing site');\ncy.get('input[type=checkbox').check(['Cricket', 'Hockey']); // Multiple Checkbox selection\ncy.log('Verify both Cricket and Hockey checkboxes are checked ');\ncy.get('#checkbox1').should('be.checked').and('have.value', 'Cricket'); // valida\ncy.get('#checkbox3').should('be.checked').and('have.value', 'Hockey');",
              "err": {},
              "uuid": "e935f766-ccbe-43dd-ab68-3ce6914d2eb0",
              "parentUUID": "5e4d77c7-a09b-440f-ba66-81cfc82a0887",
              "isHook": false,
              "skipped": false
            }
          ],
          "suites": [],
          "passes": [
            "cd81f270-b5f9-41f2-a644-9c1f28bbf758",
            "e935f766-ccbe-43dd-ab68-3ce6914d2eb0"
          ],
          "failures": [],
          "pending": [],
          "skipped": [],
          "duration": 30061,
          "root": false,
          "rootEmpty": false,
          "_timeout": 2000
        }
      ],
      "passes": [],
      "failures": [],
      "pending": [],
      "skipped": [],
      "duration": 0,
      "root": true,
      "rootEmpty": true,
      "_timeout": 2000
    }
  ],
  "meta": {
    "mocha": {
      "version": "8.1.1"
    },
    "mochawesome": {
      "options": {
        "quiet": false,
        "reportFilename": "mochawesome",
        "saveHtml": false,
        "saveJson": true,
        "consoleReporter": "spec",
        "useInlineDiffs": false,
        "code": true
      },
      "version": "6.1.1"
    },
    "marge": {
      "options": {
        "id": "default",
        "reportDir": "cypress/reports/mocha",
        "quite": true,
        "overwrite": false,
        "html": false,
        "json": true
      },
      "version": "5.1.0"
    }
  }
}