{
  "stats": {
    "suites": 1,
    "tests": 4,
    "passes": 1,
    "pending": 0,
    "failures": 3,
    "start": "2020-09-05T05:49:02.384Z",
    "end": "2020-09-05T05:49:36.381Z",
    "duration": 33997,
    "testsRegistered": 4,
    "passPercent": 25,
    "pendingPercent": 0,
    "other": 0,
    "hasOther": false,
    "skipped": 0,
    "hasSkipped": false
  },
  "results": [
    {
      "uuid": "6b98ac67-2bc4-4e9b-b22e-841357365282",
      "title": "",
      "fullFile": "cypress\\integration\\DemoTests\\pom.spec.js",
      "file": "cypress\\integration\\DemoTests\\pom.spec.js",
      "beforeHooks": [],
      "afterHooks": [],
      "tests": [],
      "suites": [
        {
          "uuid": "ebe5ed1c-ddea-4e08-a002-ceae45fc4315",
          "title": "My first- test group -Using Page Obects",
          "fullFile": "",
          "file": "",
          "beforeHooks": [],
          "afterHooks": [],
          "tests": [
            {
              "title": "Find a requird flight to travel-using Page objects",
              "fullTitle": "My first- test group -Using Page Obects Find a requird flight to travel-using Page objects",
              "timedOut": null,
              "duration": 9572,
              "state": "failed",
              "speed": null,
              "pass": false,
              "fail": true,
              "pending": false,
              "context": null,
              "code": "loginPage.enterUserNameAndPswd('mercury', 'mercury');\nfindflightPage.findArequiredFlight();\ncy.log('This will navigate to next page');\ncy.title().should('eq', 'Find a Flight: Mercury Tours:');",
              "err": {
                "message": "AssertionError: Timed out retrying: Expected to find element: `input[name=userName1]`, but never found it.",
                "estack": "AssertionError: Timed out retrying: Expected to find element: `input[name=userName1]`, but never found it.\n    at ensureExistence (http://demo.guru99.com/__cypress/runner/cypress_runner.js:137311:32)\n    at Object.ensureElExistence (http://demo.guru99.com/__cypress/runner/cypress_runner.js:137329:12)\n    at ensureExistence (http://demo.guru99.com/__cypress/runner/cypress_runner.js:127867:23)\n    at onFailFn (http://demo.guru99.com/__cypress/runner/cypress_runner.js:127905:9)\n    at tryCatcher (http://demo.guru99.com/__cypress/runner/cypress_runner.js:9059:23)\n    at Promise._settlePromiseFromHandler (http://demo.guru99.com/__cypress/runner/cypress_runner.js:6994:31)\n    at Promise._settlePromise (http://demo.guru99.com/__cypress/runner/cypress_runner.js:7051:18)\n    at Promise._settlePromise0 (http://demo.guru99.com/__cypress/runner/cypress_runner.js:7096:10)\n    at Promise._settlePromises (http://demo.guru99.com/__cypress/runner/cypress_runner.js:7172:18)\n    at _drainQueueStep (http://demo.guru99.com/__cypress/runner/cypress_runner.js:3766:12)\n    at _drainQueue (http://demo.guru99.com/__cypress/runner/cypress_runner.js:3759:9)\n    at Async.../../node_modules/bluebird/js/release/async.js.Async._drainQueues (http://demo.guru99.com/__cypress/runner/cypress_runner.js:3775:5)\n    at Async.drainQueues (http://demo.guru99.com/__cypress/runner/cypress_runner.js:3645:14)",
                "diff": null
              },
              "uuid": "1fefcdff-5a90-4dec-9d60-5a964881219b",
              "parentUUID": "ebe5ed1c-ddea-4e08-a002-ceae45fc4315",
              "isHook": false,
              "skipped": false
            },
            {
              "title": "Find a requird flight to travel-using Fixtures",
              "fullTitle": "My first- test group -Using Page Obects Find a requird flight to travel-using Fixtures",
              "timedOut": null,
              "duration": 8159,
              "state": "failed",
              "speed": null,
              "pass": false,
              "fail": true,
              "pending": false,
              "context": null,
              "code": "loginPage.enterUserNameAndPswd(this.data.username, this.data.password); // reads the date from Fixtutes-logincred.json\nfindflightPage.findArequiredFlight();\ncy.log('This will navigate to next page');\ncy.title().should('eq', 'Find a Flight: Mercury Tours:');",
              "err": {
                "message": "AssertionError: Timed out retrying: Expected to find element: `input[name=userName1]`, but never found it.",
                "estack": "AssertionError: Timed out retrying: Expected to find element: `input[name=userName1]`, but never found it.\n    at ensureExistence (http://demo.guru99.com/__cypress/runner/cypress_runner.js:137311:32)\n    at Object.ensureElExistence (http://demo.guru99.com/__cypress/runner/cypress_runner.js:137329:12)\n    at ensureExistence (http://demo.guru99.com/__cypress/runner/cypress_runner.js:127867:23)\n    at onFailFn (http://demo.guru99.com/__cypress/runner/cypress_runner.js:127905:9)\n    at tryCatcher (http://demo.guru99.com/__cypress/runner/cypress_runner.js:9059:23)\n    at Promise._settlePromiseFromHandler (http://demo.guru99.com/__cypress/runner/cypress_runner.js:6994:31)\n    at Promise._settlePromise (http://demo.guru99.com/__cypress/runner/cypress_runner.js:7051:18)\n    at Promise._settlePromise0 (http://demo.guru99.com/__cypress/runner/cypress_runner.js:7096:10)\n    at Promise._settlePromises (http://demo.guru99.com/__cypress/runner/cypress_runner.js:7172:18)\n    at _drainQueueStep (http://demo.guru99.com/__cypress/runner/cypress_runner.js:3766:12)\n    at _drainQueue (http://demo.guru99.com/__cypress/runner/cypress_runner.js:3759:9)\n    at Async.../../node_modules/bluebird/js/release/async.js.Async._drainQueues (http://demo.guru99.com/__cypress/runner/cypress_runner.js:3775:5)\n    at Async.drainQueues (http://demo.guru99.com/__cypress/runner/cypress_runner.js:3645:14)",
                "diff": null
              },
              "uuid": "387083c7-8423-4978-90f1-555ccb4c1b34",
              "parentUUID": "ebe5ed1c-ddea-4e08-a002-ceae45fc4315",
              "isHook": false,
              "skipped": false
            },
            {
              "title": "Find a requird flight to travel-Custom cypress commands",
              "fullTitle": "My first- test group -Using Page Obects Find a requird flight to travel-Custom cypress commands",
              "timedOut": null,
              "duration": 5720,
              "state": "passed",
              "speed": "slow",
              "pass": true,
              "fail": false,
              "pending": false,
              "context": null,
              "code": "cy.loginCommand(this.data.username, this.data.password);\ncy.log('This will navigate to next page');\ncy.title().should('eq', 'Login: Mercury Tours');",
              "err": {},
              "uuid": "adfa6f63-c105-4cb4-b25e-76c54c700f26",
              "parentUUID": "ebe5ed1c-ddea-4e08-a002-ceae45fc4315",
              "isHook": false,
              "skipped": false
            },
            {
              "title": "Login with Invalid credentials-should Fail",
              "fullTitle": "My first- test group -Using Page Obects Login with Invalid credentials-should Fail",
              "timedOut": null,
              "duration": 6447,
              "state": "failed",
              "speed": null,
              "pass": false,
              "fail": true,
              "pending": false,
              "context": null,
              "code": "loginPage.enterUserNameAndPswd('mercury', 'wrongPassword');\nfindflightPage.findArequiredFlight();\ncy.log('This will navigate to next page');\ncy.title().should('eq', 'Find a Flight: Mercury Tours:');",
              "err": {
                "message": "AssertionError: Timed out retrying: Expected to find element: `input[name=userName1]`, but never found it.",
                "estack": "AssertionError: Timed out retrying: Expected to find element: `input[name=userName1]`, but never found it.\n    at ensureExistence (http://demo.guru99.com/__cypress/runner/cypress_runner.js:137311:32)\n    at Object.ensureElExistence (http://demo.guru99.com/__cypress/runner/cypress_runner.js:137329:12)\n    at ensureExistence (http://demo.guru99.com/__cypress/runner/cypress_runner.js:127867:23)\n    at onFailFn (http://demo.guru99.com/__cypress/runner/cypress_runner.js:127905:9)\n    at tryCatcher (http://demo.guru99.com/__cypress/runner/cypress_runner.js:9059:23)\n    at Promise._settlePromiseFromHandler (http://demo.guru99.com/__cypress/runner/cypress_runner.js:6994:31)\n    at Promise._settlePromise (http://demo.guru99.com/__cypress/runner/cypress_runner.js:7051:18)\n    at Promise._settlePromise0 (http://demo.guru99.com/__cypress/runner/cypress_runner.js:7096:10)\n    at Promise._settlePromises (http://demo.guru99.com/__cypress/runner/cypress_runner.js:7172:18)\n    at _drainQueueStep (http://demo.guru99.com/__cypress/runner/cypress_runner.js:3766:12)\n    at _drainQueue (http://demo.guru99.com/__cypress/runner/cypress_runner.js:3759:9)\n    at Async.../../node_modules/bluebird/js/release/async.js.Async._drainQueues (http://demo.guru99.com/__cypress/runner/cypress_runner.js:3775:5)\n    at Async.drainQueues (http://demo.guru99.com/__cypress/runner/cypress_runner.js:3645:14)",
                "diff": null
              },
              "uuid": "f8cfcfe7-8813-49ab-858e-f2f4d1f4bad7",
              "parentUUID": "ebe5ed1c-ddea-4e08-a002-ceae45fc4315",
              "isHook": false,
              "skipped": false
            }
          ],
          "suites": [],
          "passes": [
            "adfa6f63-c105-4cb4-b25e-76c54c700f26"
          ],
          "failures": [
            "1fefcdff-5a90-4dec-9d60-5a964881219b",
            "387083c7-8423-4978-90f1-555ccb4c1b34",
            "f8cfcfe7-8813-49ab-858e-f2f4d1f4bad7"
          ],
          "pending": [],
          "skipped": [],
          "duration": 29898,
          "root": false,
          "rootEmpty": false,
          "_timeout": 2000
        }
      ],
      "passes": [],
      "failures": [],
      "pending": [],
      "skipped": [],
      "duration": 0,
      "root": true,
      "rootEmpty": true,
      "_timeout": 2000
    }
  ],
  "meta": {
    "mocha": {
      "version": "8.1.1"
    },
    "mochawesome": {
      "options": {
        "quiet": false,
        "reportFilename": "mochawesome",
        "saveHtml": false,
        "saveJson": true,
        "consoleReporter": "spec",
        "useInlineDiffs": false,
        "code": true
      },
      "version": "6.1.1"
    },
    "marge": {
      "options": {
        "id": "default",
        "reportDir": "cypress/reports/mocha",
        "quite": true,
        "overwrite": false,
        "html": false,
        "json": true
      },
      "version": "5.1.0"
    }
  }
}