{
  "stats": {
    "suites": 1,
    "tests": 1,
    "passes": 1,
    "pending": 0,
    "failures": 0,
    "start": "2022-11-09T13:09:44.723Z",
    "end": "2022-11-09T13:10:21.586Z",
    "duration": 36863,
    "testsRegistered": 1,
    "passPercent": 100,
    "pendingPercent": 0,
    "other": 0,
    "hasOther": false,
    "skipped": 0,
    "hasSkipped": false
  },
  "results": [
    {
      "uuid": "932825a4-6762-41fe-99b4-1d544e674f3c",
      "title": "",
      "fullFile": "cypress/integration/DemoTests/pom.spec.js",
      "file": "cypress/integration/DemoTests/pom.spec.js",
      "beforeHooks": [],
      "afterHooks": [],
      "tests": [],
      "suites": [
        {
          "uuid": "dc8ac266-ea03-44ce-b3aa-818b235bdf0d",
          "title": "My first- test group -Using Page Obects",
          "fullFile": "",
          "file": "",
          "beforeHooks": [],
          "afterHooks": [],
          "tests": [
            {
              "title": "Find a requird flight to travel-using Page objects",
              "fullTitle": "My first- test group -Using Page Obects Find a requird flight to travel-using Page objects",
              "timedOut": null,
              "duration": 31404,
              "state": "passed",
              "speed": "slow",
              "pass": true,
              "fail": false,
              "pending": false,
              "context": "[\n  \"testEnv\",\n  \"Test case is PASSED\"\n]",
              "code": "loginPage.enterUserNameAndPswd('mercury', 'mercury');\nfindflightPage.findArequiredFlight();\ncy.log('This will navigate to next page');\ncy.title().should('eq', 'Find a Flight: Mercury Tours:');",
              "err": {},
              "uuid": "91b5b291-b64c-4f55-b0c4-0e47487d1709",
              "parentUUID": "dc8ac266-ea03-44ce-b3aa-818b235bdf0d",
              "isHook": false,
              "skipped": false
            }
          ],
          "suites": [],
          "passes": [
            "91b5b291-b64c-4f55-b0c4-0e47487d1709"
          ],
          "failures": [],
          "pending": [],
          "skipped": [],
          "duration": 31404,
          "root": false,
          "rootEmpty": false,
          "_timeout": 2000
        }
      ],
      "passes": [],
      "failures": [],
      "pending": [],
      "skipped": [],
      "duration": 0,
      "root": true,
      "rootEmpty": true,
      "_timeout": 2000
    }
  ],
  "meta": {
    "mocha": {
      "version": "7.0.1"
    },
    "mochawesome": {
      "options": {
        "quiet": false,
        "reportFilename": "mochawesome",
        "saveHtml": true,
        "saveJson": true,
        "consoleReporter": "spec",
        "useInlineDiffs": false,
        "code": true
      },
      "version": "6.2.2"
    },
    "marge": {
      "options": {
        "id": "default",
        "reportDir": "cypress/reports/mocha",
        "quite": true,
        "overwrite": false,
        "html": true,
        "json": true
      },
      "version": "5.2.0"
    }
  }
}