{
  "stats": {
    "suites": 1,
    "tests": 4,
    "passes": 3,
    "pending": 0,
    "failures": 1,
    "start": "2020-09-02T10:54:08.169Z",
    "end": "2020-09-02T10:55:13.608Z",
    "duration": 65439,
    "testsRegistered": 4,
    "passPercent": 75,
    "pendingPercent": 0,
    "other": 0,
    "hasOther": false,
    "skipped": 0,
    "hasSkipped": false
  },
  "results": [
    {
      "uuid": "a3420c8e-f632-449e-a6ad-2223d8156f75",
      "title": "",
      "fullFile": "cypress\\integration\\DemoTests\\pom.spec.js",
      "file": "cypress\\integration\\DemoTests\\pom.spec.js",
      "beforeHooks": [],
      "afterHooks": [],
      "tests": [],
      "suites": [
        {
          "uuid": "8e06c235-12b0-4139-9444-6d1f44c781da",
          "title": "My first- test group -Using Page Obects",
          "fullFile": "",
          "file": "",
          "beforeHooks": [],
          "afterHooks": [],
          "tests": [
            {
              "title": "Find a requird flight to travel-using Page objects",
              "fullTitle": "My first- test group -Using Page Obects Find a requird flight to travel-using Page objects",
              "timedOut": null,
              "duration": 25980,
              "state": "passed",
              "speed": "slow",
              "pass": true,
              "fail": false,
              "pending": false,
              "context": null,
              "code": "loginPage.enterUserNameAndPswd('mercury', 'mercury');\nfindflightPage.findArequiredFlight();\ncy.log('This will navigate to next page');\ncy.title().should('eq', 'Find a Flight: Mercury Tours:');",
              "err": {},
              "uuid": "5348730c-1eb1-4852-a3ad-b95e4740fbb3",
              "parentUUID": "8e06c235-12b0-4139-9444-6d1f44c781da",
              "isHook": false,
              "skipped": false
            },
            {
              "title": "Find a requird flight to travel-using Fixtures",
              "fullTitle": "My first- test group -Using Page Obects Find a requird flight to travel-using Fixtures",
              "timedOut": null,
              "duration": 13300,
              "state": "passed",
              "speed": "slow",
              "pass": true,
              "fail": false,
              "pending": false,
              "context": null,
              "code": "loginPage.enterUserNameAndPswd(this.data.username, this.data.password); // reads the date from Fixtutes-logincred.json\nfindflightPage.findArequiredFlight();\ncy.log('This will navigate to next page');\ncy.title().should('eq', 'Find a Flight: Mercury Tours:');",
              "err": {},
              "uuid": "fd63364f-3f2a-4b5a-9de5-4728d73a4479",
              "parentUUID": "8e06c235-12b0-4139-9444-6d1f44c781da",
              "isHook": false,
              "skipped": false
            },
            {
              "title": "Find a requird flight to travel-Custom cypress commands",
              "fullTitle": "My first- test group -Using Page Obects Find a requird flight to travel-Custom cypress commands",
              "timedOut": null,
              "duration": 5876,
              "state": "passed",
              "speed": "slow",
              "pass": true,
              "fail": false,
              "pending": false,
              "context": null,
              "code": "cy.loginCommand(this.data.username, this.data.password);\ncy.log('This will navigate to next page');\ncy.title().should('eq', 'Login: Mercury Tours');",
              "err": {},
              "uuid": "a107f2dd-2ce4-4c93-8b9e-f46982f13da9",
              "parentUUID": "8e06c235-12b0-4139-9444-6d1f44c781da",
              "isHook": false,
              "skipped": false
            },
            {
              "title": "Login with Invalid credentials-should Fail",
              "fullTitle": "My first- test group -Using Page Obects Login with Invalid credentials-should Fail",
              "timedOut": null,
              "duration": 13134,
              "state": "failed",
              "speed": null,
              "pass": false,
              "fail": true,
              "pending": false,
              "context": null,
              "code": "loginPage.enterUserNameAndPswd('mercury', 'wrongPassword');\nfindflightPage.findArequiredFlight();\ncy.log('This will navigate to next page');\ncy.title().should('eq', 'Find a Flight: Mercury Tours:');",
              "err": {
                "message": "AssertionError: Timed out retrying: expected 'Welcome: Mercury Tours' to equal 'Login: Mercury Tours'",
                "estack": "AssertionError: Timed out retrying: expected 'Welcome: Mercury Tours' to equal 'Login: Mercury Tours'\n    at applyChainer (http://demo.guru99.com/__cypress/runner/cypress_runner.js:131730:32)\n    at http://demo.guru99.com/__cypress/runner/cypress_runner.js:131771:16\n    at arrayReduce (http://demo.guru99.com/__cypress/runner/cypress_runner.js:18403:21)\n    at Function.reduce (http://demo.guru99.com/__cypress/runner/cypress_runner.js:27401:14)\n    at applyChainers (http://demo.guru99.com/__cypress/runner/cypress_runner.js:131761:18)\n    at tryCatcher (http://demo.guru99.com/__cypress/runner/cypress_runner.js:9059:23)\n    at Function.Promise.attempt.Promise.try (http://demo.guru99.com/__cypress/runner/cypress_runner.js:6333:29)\n    at Context.shouldFn (http://demo.guru99.com/__cypress/runner/cypress_runner.js:131775:23)\n    at Context.should (http://demo.guru99.com/__cypress/runner/cypress_runner.js:131790:23)\n    at http://demo.guru99.com/__cypress/runner/cypress_runner.js:127819:39\n    at assertions (http://demo.guru99.com/__cypress/runner/cypress_runner.js:128079:14)\n    at tryCatcher (http://demo.guru99.com/__cypress/runner/cypress_runner.js:9059:23)\n    at Object.gotValue (http://demo.guru99.com/__cypress/runner/cypress_runner.js:8203:18)\n    at Object.gotAccum (http://demo.guru99.com/__cypress/runner/cypress_runner.js:8190:25)\n    at Object.tryCatcher (http://demo.guru99.com/__cypress/runner/cypress_runner.js:9059:23)\n    at Promise._settlePromiseFromHandler (http://demo.guru99.com/__cypress/runner/cypress_runner.js:6994:31)",
                "diff": "- 'Welcome: Mercury Tours'\n+ 'Login: Mercury Tours'\n"
              },
              "uuid": "fb3ab368-cdc3-4685-94cd-c3550a6ad463",
              "parentUUID": "8e06c235-12b0-4139-9444-6d1f44c781da",
              "isHook": false,
              "skipped": false
            }
          ],
          "suites": [],
          "passes": [
            "5348730c-1eb1-4852-a3ad-b95e4740fbb3",
            "fd63364f-3f2a-4b5a-9de5-4728d73a4479",
            "a107f2dd-2ce4-4c93-8b9e-f46982f13da9"
          ],
          "failures": [
            "fb3ab368-cdc3-4685-94cd-c3550a6ad463"
          ],
          "pending": [],
          "skipped": [],
          "duration": 58290,
          "root": false,
          "rootEmpty": false,
          "_timeout": 2000
        }
      ],
      "passes": [],
      "failures": [],
      "pending": [],
      "skipped": [],
      "duration": 0,
      "root": true,
      "rootEmpty": true,
      "_timeout": 2000
    }
  ],
  "meta": {
    "mocha": {
      "version": "8.1.1"
    },
    "mochawesome": {
      "options": {
        "quiet": false,
        "reportFilename": "mochawesome",
        "saveHtml": false,
        "saveJson": true,
        "consoleReporter": "spec",
        "useInlineDiffs": false,
        "code": true
      },
      "version": "6.1.1"
    },
    "marge": {
      "options": {
        "id": "default",
        "reportDir": "cypress/reports/mocha",
        "quite": true,
        "overwrite": false,
        "html": false,
        "json": true
      },
      "version": "5.1.0"
    }
  }
}