{
  "stats": {
    "suites": 1,
    "tests": 3,
    "passes": 2,
    "pending": 0,
    "failures": 1,
    "start": "2020-09-02T10:53:45.524Z",
    "end": "2020-09-02T10:53:54.171Z",
    "duration": 8647,
    "testsRegistered": 3,
    "passPercent": 66.66666666666666,
    "pendingPercent": 0,
    "other": 0,
    "hasOther": false,
    "skipped": 0,
    "hasSkipped": false
  },
  "results": [
    {
      "uuid": "77f5d977-9de6-4196-bc0d-943a01c593f2",
      "title": "",
      "fullFile": "cypress\\integration\\DemoTests\\firstYY.spec.js",
      "file": "cypress\\integration\\DemoTests\\firstYY.spec.js",
      "beforeHooks": [],
      "afterHooks": [],
      "tests": [],
      "suites": [
        {
          "uuid": "b0f265de-e7b6-41ef-8428-61b3fd6bda30",
          "title": "My first- test group ",
          "fullFile": "",
          "file": "",
          "beforeHooks": [],
          "afterHooks": [],
          "tests": [
            {
              "title": "First group-First test case to visit the site",
              "fullTitle": "My first- test group  First group-First test case to visit the site",
              "timedOut": null,
              "duration": 2859,
              "state": "passed",
              "speed": "slow",
              "pass": true,
              "fail": false,
              "pending": false,
              "context": null,
              "code": "cy.log(\"I am in Second Test Case\");\nvar reqEnv = Cypress.env('test');\ncy.visit(reqEnv); // Just directly invoke the Cypress methods provided by the “cy” object\ncy.get(':nth-child(4) > .row > .col-xs-12 > .home-list > :nth-child(1) > ul > :nth-child(1) > a').click();\ncy.get('button[id=query-btn]').should('contain', 'Button'); // \nexpect(true).to.equal(true);",
              "err": {},
              "uuid": "8e0f8972-a43c-4c62-ac54-50da3d3f09f1",
              "parentUUID": "b0f265de-e7b6-41ef-8428-61b3fd6bda30",
              "isHook": false,
              "skipped": false
            },
            {
              "title": "First group-Second test case to visit the site",
              "fullTitle": "My first- test group  First group-Second test case to visit the site",
              "timedOut": null,
              "duration": 786,
              "state": "failed",
              "speed": null,
              "pass": false,
              "fail": true,
              "pending": false,
              "context": null,
              "code": "cy.log(\"I am in Second Test Case\");\ncy.visit(\"https://example.cypress.io\"); // Just directly invoke the Cypress methods provided by the “cy” object\nexpect(true).to.equal(false);",
              "err": {
                "message": "AssertionError: expected true to equal false",
                "estack": "AssertionError: expected true to equal false\n    at Context.<anonymous> (https://example.cypress.io/__cypress/tests?p=cypress\\integration\\DemoTests\\firstYY.spec.js-551:28:25)",
                "diff": null
              },
              "uuid": "a04ac025-e72b-4ed5-af4c-1115364a012b",
              "parentUUID": "b0f265de-e7b6-41ef-8428-61b3fd6bda30",
              "isHook": false,
              "skipped": false
            },
            {
              "title": "First group-Second test case to visit the site",
              "fullTitle": "My first- test group  First group-Second test case to visit the site",
              "timedOut": null,
              "duration": 604,
              "state": "passed",
              "speed": "slow",
              "pass": true,
              "fail": false,
              "pending": false,
              "context": null,
              "code": "cy.log(\"I am in Third Test Case\");\ncy.visit(\"https://example.cypress.io\"); // Just directly invoke the Cypress methods provided by the “cy” object\nexpect(true).to.equal(true);",
              "err": {},
              "uuid": "6605939e-c5db-47b7-98fb-68e828464533",
              "parentUUID": "b0f265de-e7b6-41ef-8428-61b3fd6bda30",
              "isHook": false,
              "skipped": false
            }
          ],
          "suites": [],
          "passes": [
            "8e0f8972-a43c-4c62-ac54-50da3d3f09f1",
            "6605939e-c5db-47b7-98fb-68e828464533"
          ],
          "failures": [
            "a04ac025-e72b-4ed5-af4c-1115364a012b"
          ],
          "pending": [],
          "skipped": [],
          "duration": 4249,
          "root": false,
          "rootEmpty": false,
          "_timeout": 2000
        }
      ],
      "passes": [],
      "failures": [],
      "pending": [],
      "skipped": [],
      "duration": 0,
      "root": true,
      "rootEmpty": true,
      "_timeout": 2000
    }
  ],
  "meta": {
    "mocha": {
      "version": "8.1.1"
    },
    "mochawesome": {
      "options": {
        "quiet": false,
        "reportFilename": "mochawesome",
        "saveHtml": false,
        "saveJson": true,
        "consoleReporter": "spec",
        "useInlineDiffs": false,
        "code": true
      },
      "version": "6.1.1"
    },
    "marge": {
      "options": {
        "id": "default",
        "reportDir": "cypress/reports/mocha",
        "quite": true,
        "overwrite": false,
        "html": false,
        "json": true
      },
      "version": "5.1.0"
    }
  }
}