{
  "stats": {
    "suites": 4,
    "tests": 12,
    "passes": 9,
    "pending": 0,
    "failures": 3,
    "start": "2020-09-02T10:57:25.653Z",
    "end": "2020-09-02T10:57:25.653Z",
    "duration": 96992,
    "testsRegistered": 12,
    "passPercent": 75,
    "pendingPercent": 0,
    "other": 0,
    "hasOther": false,
    "skipped": 0,
    "hasSkipped": false
  },
  "results": [
    {
      "uuid": "a3420c8e-f632-449e-a6ad-2223d8156f75",
      "title": "",
      "fullFile": "cypress\\integration\\DemoTests\\pom.spec.js",
      "file": "cypress\\integration\\DemoTests\\pom.spec.js",
      "beforeHooks": [],
      "afterHooks": [],
      "tests": [],
      "suites": [
        {
          "uuid": "8e06c235-12b0-4139-9444-6d1f44c781da",
          "title": "My first- test group -Using Page Obects",
          "fullFile": "",
          "file": "",
          "beforeHooks": [],
          "afterHooks": [],
          "tests": [
            {
              "title": "Find a requird flight to travel-using Page objects",
              "fullTitle": "My first- test group -Using Page Obects Find a requird flight to travel-using Page objects",
              "timedOut": null,
              "duration": 25980,
              "state": "passed",
              "speed": "slow",
              "pass": true,
              "fail": false,
              "pending": false,
              "context": null,
              "code": "loginPage.enterUserNameAndPswd('mercury', 'mercury');\nfindflightPage.findArequiredFlight();\ncy.log('This will navigate to next page');\ncy.title().should('eq', 'Find a Flight: Mercury Tours:');",
              "err": {},
              "uuid": "5348730c-1eb1-4852-a3ad-b95e4740fbb3",
              "parentUUID": "8e06c235-12b0-4139-9444-6d1f44c781da",
              "isHook": false,
              "skipped": false
            },
            {
              "title": "Find a requird flight to travel-using Fixtures",
              "fullTitle": "My first- test group -Using Page Obects Find a requird flight to travel-using Fixtures",
              "timedOut": null,
              "duration": 13300,
              "state": "passed",
              "speed": "slow",
              "pass": true,
              "fail": false,
              "pending": false,
              "context": null,
              "code": "loginPage.enterUserNameAndPswd(this.data.username, this.data.password); // reads the date from Fixtutes-logincred.json\nfindflightPage.findArequiredFlight();\ncy.log('This will navigate to next page');\ncy.title().should('eq', 'Find a Flight: Mercury Tours:');",
              "err": {},
              "uuid": "fd63364f-3f2a-4b5a-9de5-4728d73a4479",
              "parentUUID": "8e06c235-12b0-4139-9444-6d1f44c781da",
              "isHook": false,
              "skipped": false
            },
            {
              "title": "Find a requird flight to travel-Custom cypress commands",
              "fullTitle": "My first- test group -Using Page Obects Find a requird flight to travel-Custom cypress commands",
              "timedOut": null,
              "duration": 5876,
              "state": "passed",
              "speed": "slow",
              "pass": true,
              "fail": false,
              "pending": false,
              "context": null,
              "code": "cy.loginCommand(this.data.username, this.data.password);\ncy.log('This will navigate to next page');\ncy.title().should('eq', 'Login: Mercury Tours');",
              "err": {},
              "uuid": "a107f2dd-2ce4-4c93-8b9e-f46982f13da9",
              "parentUUID": "8e06c235-12b0-4139-9444-6d1f44c781da",
              "isHook": false,
              "skipped": false
            },
            {
              "title": "Login with Invalid credentials-should Fail",
              "fullTitle": "My first- test group -Using Page Obects Login with Invalid credentials-should Fail",
              "timedOut": null,
              "duration": 13134,
              "state": "failed",
              "speed": null,
              "pass": false,
              "fail": true,
              "pending": false,
              "context": null,
              "code": "loginPage.enterUserNameAndPswd('mercury', 'wrongPassword');\nfindflightPage.findArequiredFlight();\ncy.log('This will navigate to next page');\ncy.title().should('eq', 'Find a Flight: Mercury Tours:');",
              "err": {
                "message": "AssertionError: Timed out retrying: expected 'Welcome: Mercury Tours' to equal 'Login: Mercury Tours'",
                "estack": "AssertionError: Timed out retrying: expected 'Welcome: Mercury Tours' to equal 'Login: Mercury Tours'\n    at applyChainer (http://demo.guru99.com/__cypress/runner/cypress_runner.js:131730:32)\n    at http://demo.guru99.com/__cypress/runner/cypress_runner.js:131771:16\n    at arrayReduce (http://demo.guru99.com/__cypress/runner/cypress_runner.js:18403:21)\n    at Function.reduce (http://demo.guru99.com/__cypress/runner/cypress_runner.js:27401:14)\n    at applyChainers (http://demo.guru99.com/__cypress/runner/cypress_runner.js:131761:18)\n    at tryCatcher (http://demo.guru99.com/__cypress/runner/cypress_runner.js:9059:23)\n    at Function.Promise.attempt.Promise.try (http://demo.guru99.com/__cypress/runner/cypress_runner.js:6333:29)\n    at Context.shouldFn (http://demo.guru99.com/__cypress/runner/cypress_runner.js:131775:23)\n    at Context.should (http://demo.guru99.com/__cypress/runner/cypress_runner.js:131790:23)\n    at http://demo.guru99.com/__cypress/runner/cypress_runner.js:127819:39\n    at assertions (http://demo.guru99.com/__cypress/runner/cypress_runner.js:128079:14)\n    at tryCatcher (http://demo.guru99.com/__cypress/runner/cypress_runner.js:9059:23)\n    at Object.gotValue (http://demo.guru99.com/__cypress/runner/cypress_runner.js:8203:18)\n    at Object.gotAccum (http://demo.guru99.com/__cypress/runner/cypress_runner.js:8190:25)\n    at Object.tryCatcher (http://demo.guru99.com/__cypress/runner/cypress_runner.js:9059:23)\n    at Promise._settlePromiseFromHandler (http://demo.guru99.com/__cypress/runner/cypress_runner.js:6994:31)",
                "diff": "- 'Welcome: Mercury Tours'\n+ 'Login: Mercury Tours'\n"
              },
              "uuid": "fb3ab368-cdc3-4685-94cd-c3550a6ad463",
              "parentUUID": "8e06c235-12b0-4139-9444-6d1f44c781da",
              "isHook": false,
              "skipped": false
            }
          ],
          "suites": [],
          "passes": [
            "5348730c-1eb1-4852-a3ad-b95e4740fbb3",
            "fd63364f-3f2a-4b5a-9de5-4728d73a4479",
            "a107f2dd-2ce4-4c93-8b9e-f46982f13da9"
          ],
          "failures": [
            "fb3ab368-cdc3-4685-94cd-c3550a6ad463"
          ],
          "pending": [],
          "skipped": [],
          "duration": 58290,
          "root": false,
          "rootEmpty": false,
          "_timeout": 2000
        }
      ],
      "passes": [],
      "failures": [],
      "pending": [],
      "skipped": [],
      "duration": 0,
      "root": true,
      "rootEmpty": true,
      "_timeout": 2000
    },
    {
      "uuid": "02bb50a1-7fcf-4a79-98ee-f708ef8bd79c",
      "title": "",
      "fullFile": "cypress\\integration\\DemoTests\\secondYY.spec.js",
      "file": "cypress\\integration\\DemoTests\\secondYY.spec.js",
      "beforeHooks": [],
      "afterHooks": [],
      "tests": [],
      "suites": [
        {
          "uuid": "a76233dd-2937-4cc7-b30a-309432961feb",
          "title": "My Second- test group ",
          "fullFile": "",
          "file": "",
          "beforeHooks": [],
          "afterHooks": [],
          "tests": [
            {
              "title": "First group-First test case to visit the site",
              "fullTitle": "My Second- test group  First group-First test case to visit the site",
              "timedOut": null,
              "duration": 3020,
              "state": "passed",
              "speed": "slow",
              "pass": true,
              "fail": false,
              "pending": false,
              "context": null,
              "code": "cy.log(\"I am in Second Test Case\");\nvar reqEnv = Cypress.env('test');\ncy.visit(reqEnv); // Just directly invoke the Cypress methods provided by the “cy” object\ncy.get(':nth-child(4) > .row > .col-xs-12 > .home-list > :nth-child(1) > ul > :nth-child(1) > a').click();\ncy.get('button[id=query-btn]').should('contain', 'Button'); // \nexpect(true).to.equal(true);",
              "err": {},
              "uuid": "60efaae2-eb46-4c15-b89a-b8bd5740313e",
              "parentUUID": "a76233dd-2937-4cc7-b30a-309432961feb",
              "isHook": false,
              "skipped": false
            },
            {
              "title": "First group-Second test case to visit the site",
              "fullTitle": "My Second- test group  First group-Second test case to visit the site",
              "timedOut": null,
              "duration": 945,
              "state": "failed",
              "speed": null,
              "pass": false,
              "fail": true,
              "pending": false,
              "context": null,
              "code": "cy.log(\"I am in Second Test Case\");\ncy.visit(\"https://example.cypress.io\"); // Just directly invoke the Cypress methods provided by the “cy” object\nexpect(true).to.equal(false);",
              "err": {
                "message": "AssertionError: expected true to equal false",
                "estack": "AssertionError: expected true to equal false\n    at Context.<anonymous> (https://example.cypress.io/__cypress/tests?p=cypress\\integration\\DemoTests\\secondYY.spec.js-073:28:25)",
                "diff": null
              },
              "uuid": "4ee46d31-0ae9-4e40-8277-294b619c87d2",
              "parentUUID": "a76233dd-2937-4cc7-b30a-309432961feb",
              "isHook": false,
              "skipped": false
            },
            {
              "title": "First group-Second test case to visit the site",
              "fullTitle": "My Second- test group  First group-Second test case to visit the site",
              "timedOut": null,
              "duration": 427,
              "state": "passed",
              "speed": "slow",
              "pass": true,
              "fail": false,
              "pending": false,
              "context": null,
              "code": "cy.log(\"I am in Third Test Case\");\ncy.visit(\"https://example.cypress.io\"); // Just directly invoke the Cypress methods provided by the “cy” object\nexpect(true).to.equal(true);",
              "err": {},
              "uuid": "a3632350-762b-46e1-8216-34b696e4cd01",
              "parentUUID": "a76233dd-2937-4cc7-b30a-309432961feb",
              "isHook": false,
              "skipped": false
            }
          ],
          "suites": [],
          "passes": [
            "60efaae2-eb46-4c15-b89a-b8bd5740313e",
            "a3632350-762b-46e1-8216-34b696e4cd01"
          ],
          "failures": [
            "4ee46d31-0ae9-4e40-8277-294b619c87d2"
          ],
          "pending": [],
          "skipped": [],
          "duration": 4392,
          "root": false,
          "rootEmpty": false,
          "_timeout": 2000
        }
      ],
      "passes": [],
      "failures": [],
      "pending": [],
      "skipped": [],
      "duration": 0,
      "root": true,
      "rootEmpty": true,
      "_timeout": 2000
    },
    {
      "uuid": "5f9a88fd-b0fb-4894-8a55-aa5818557478",
      "title": "",
      "fullFile": "cypress\\integration\\DemoTests\\UIInteraction.spec.js",
      "file": "cypress\\integration\\DemoTests\\UIInteraction.spec.js",
      "beforeHooks": [],
      "afterHooks": [],
      "tests": [],
      "suites": [
        {
          "uuid": "5e4d77c7-a09b-440f-ba66-81cfc82a0887",
          "title": "UI interactions tests are here",
          "fullFile": "",
          "file": "",
          "beforeHooks": [],
          "afterHooks": [],
          "tests": [
            {
              "title": "visit a site, get the webelements,use should and its keywords, validate title",
              "fullTitle": "UI interactions tests are here visit a site, get the webelements,use should and its keywords, validate title",
              "timedOut": null,
              "duration": 21369,
              "state": "passed",
              "speed": "slow",
              "pass": true,
              "fail": false,
              "pending": false,
              "context": null,
              "code": "cy.visit('http://demo.guru99.com/test/newtours/index.php'); // visit the site in browser\ncy.get('input[name=userName]').should('be.enabled').type('mercury'); // enter username\ncy.get('input[name=password]').should('be.enabled').type('mercury'); // enter password\ncy.get('input[name=submit]').should('be.visible').should('be.visible').click(); // click on button\ncy.title().should('eq', 'Login: Mercury Tours'); // validate page title\n// also verify the time travel feature in the test runner report to make sure where we were on every step execution\ncy.get('a').contains('Flights').click(); // click on LinkText\ncy.get('input[value=roundtrip]').should('be.checked'); // radio button should be checked by default\ncy.get('input[value=oneway]').should('not.be.checked'); // radio button should not be checked by default \ncy.log('Selecting Passengers & fromPort starting from DropDowns and click on Continue');\ncy.get('select[name=passCount]').select('3'); // dropdown options selecting \ncy.get('select[name=fromPort]').select('Frankfurt');\ncy.get('input[name=findFlights]').should('be.enabled').click();\ncy.log('This will navigate to next page');\ncy.title().should('eq', 'Find a Flight: Mercury Tours:');",
              "err": {},
              "uuid": "cd81f270-b5f9-41f2-a644-9c1f28bbf758",
              "parentUUID": "5e4d77c7-a09b-440f-ba66-81cfc82a0887",
              "isHook": false,
              "skipped": false
            },
            {
              "title": "visit a site, check the multiple checkboxes",
              "fullTitle": "UI interactions tests are here visit a site, check the multiple checkboxes",
              "timedOut": null,
              "duration": 8692,
              "state": "passed",
              "speed": "slow",
              "pass": true,
              "fail": false,
              "pending": false,
              "context": null,
              "code": "cy.visit('http://demo.automationtesting.in/Register.html'); // visit the site in browser\ncy.log('Visited demo automation testing site');\ncy.get('input[type=checkbox').check(['Cricket', 'Hockey']); // Multiple Checkbox selection\ncy.log('Verify both Cricket and Hockey checkboxes are checked ');\ncy.get('#checkbox1').should('be.checked').and('have.value', 'Cricket'); // valida\ncy.get('#checkbox3').should('be.checked').and('have.value', 'Hockey');",
              "err": {},
              "uuid": "e935f766-ccbe-43dd-ab68-3ce6914d2eb0",
              "parentUUID": "5e4d77c7-a09b-440f-ba66-81cfc82a0887",
              "isHook": false,
              "skipped": false
            }
          ],
          "suites": [],
          "passes": [
            "cd81f270-b5f9-41f2-a644-9c1f28bbf758",
            "e935f766-ccbe-43dd-ab68-3ce6914d2eb0"
          ],
          "failures": [],
          "pending": [],
          "skipped": [],
          "duration": 30061,
          "root": false,
          "rootEmpty": false,
          "_timeout": 2000
        }
      ],
      "passes": [],
      "failures": [],
      "pending": [],
      "skipped": [],
      "duration": 0,
      "root": true,
      "rootEmpty": true,
      "_timeout": 2000
    },
    {
      "uuid": "77f5d977-9de6-4196-bc0d-943a01c593f2",
      "title": "",
      "fullFile": "cypress\\integration\\DemoTests\\firstYY.spec.js",
      "file": "cypress\\integration\\DemoTests\\firstYY.spec.js",
      "beforeHooks": [],
      "afterHooks": [],
      "tests": [],
      "suites": [
        {
          "uuid": "b0f265de-e7b6-41ef-8428-61b3fd6bda30",
          "title": "My first- test group ",
          "fullFile": "",
          "file": "",
          "beforeHooks": [],
          "afterHooks": [],
          "tests": [
            {
              "title": "First group-First test case to visit the site",
              "fullTitle": "My first- test group  First group-First test case to visit the site",
              "timedOut": null,
              "duration": 2859,
              "state": "passed",
              "speed": "slow",
              "pass": true,
              "fail": false,
              "pending": false,
              "context": null,
              "code": "cy.log(\"I am in Second Test Case\");\nvar reqEnv = Cypress.env('test');\ncy.visit(reqEnv); // Just directly invoke the Cypress methods provided by the “cy” object\ncy.get(':nth-child(4) > .row > .col-xs-12 > .home-list > :nth-child(1) > ul > :nth-child(1) > a').click();\ncy.get('button[id=query-btn]').should('contain', 'Button'); // \nexpect(true).to.equal(true);",
              "err": {},
              "uuid": "8e0f8972-a43c-4c62-ac54-50da3d3f09f1",
              "parentUUID": "b0f265de-e7b6-41ef-8428-61b3fd6bda30",
              "isHook": false,
              "skipped": false
            },
            {
              "title": "First group-Second test case to visit the site",
              "fullTitle": "My first- test group  First group-Second test case to visit the site",
              "timedOut": null,
              "duration": 786,
              "state": "failed",
              "speed": null,
              "pass": false,
              "fail": true,
              "pending": false,
              "context": null,
              "code": "cy.log(\"I am in Second Test Case\");\ncy.visit(\"https://example.cypress.io\"); // Just directly invoke the Cypress methods provided by the “cy” object\nexpect(true).to.equal(false);",
              "err": {
                "message": "AssertionError: expected true to equal false",
                "estack": "AssertionError: expected true to equal false\n    at Context.<anonymous> (https://example.cypress.io/__cypress/tests?p=cypress\\integration\\DemoTests\\firstYY.spec.js-551:28:25)",
                "diff": null
              },
              "uuid": "a04ac025-e72b-4ed5-af4c-1115364a012b",
              "parentUUID": "b0f265de-e7b6-41ef-8428-61b3fd6bda30",
              "isHook": false,
              "skipped": false
            },
            {
              "title": "First group-Second test case to visit the site",
              "fullTitle": "My first- test group  First group-Second test case to visit the site",
              "timedOut": null,
              "duration": 604,
              "state": "passed",
              "speed": "slow",
              "pass": true,
              "fail": false,
              "pending": false,
              "context": null,
              "code": "cy.log(\"I am in Third Test Case\");\ncy.visit(\"https://example.cypress.io\"); // Just directly invoke the Cypress methods provided by the “cy” object\nexpect(true).to.equal(true);",
              "err": {},
              "uuid": "6605939e-c5db-47b7-98fb-68e828464533",
              "parentUUID": "b0f265de-e7b6-41ef-8428-61b3fd6bda30",
              "isHook": false,
              "skipped": false
            }
          ],
          "suites": [],
          "passes": [
            "8e0f8972-a43c-4c62-ac54-50da3d3f09f1",
            "6605939e-c5db-47b7-98fb-68e828464533"
          ],
          "failures": [
            "a04ac025-e72b-4ed5-af4c-1115364a012b"
          ],
          "pending": [],
          "skipped": [],
          "duration": 4249,
          "root": false,
          "rootEmpty": false,
          "_timeout": 2000
        }
      ],
      "passes": [],
      "failures": [],
      "pending": [],
      "skipped": [],
      "duration": 0,
      "root": true,
      "rootEmpty": true,
      "_timeout": 2000
    }
  ],
  "meta": {
    "mocha": {
      "version": "8.1.1"
    },
    "mochawesome": {
      "options": {
        "quiet": false,
        "reportFilename": "mochawesome",
        "saveHtml": false,
        "saveJson": true,
        "consoleReporter": "spec",
        "useInlineDiffs": false,
        "code": true
      },
      "version": "6.1.1"
    },
    "marge": {
      "options": {
        "id": "default",
        "reportDir": "cypress/reports/mocha",
        "quite": true,
        "overwrite": false,
        "html": false,
        "json": true
      },
      "version": "5.1.0"
    }
  }
}